<?xml version="1.0" encoding="UTF-8"?>
<testng-results skipped="0" failed="0" ignored="0" total="1" passed="1">
  <reporter-output>
  </reporter-output>
  <suite name="Suite" duration-ms="14215" started-at="2021-12-07T13:22:46Z" finished-at="2021-12-07T13:23:00Z">
    <groups>
    </groups>
    <test name="Test" duration-ms="14215" started-at="2021-12-07T13:22:46Z" finished-at="2021-12-07T13:23:00Z">
      <class name="flipkarttests.FlipkartTest">
        <test-method status="PASS" signature="launch()[pri:0, instance:flipkarttests.FlipkartTest@55f3ddb1]" name="launch" is-config="true" duration-ms="11278" started-at="2021-12-07T18:52:46Z" finished-at="2021-12-07T18:52:57Z">
          <reporter-output>
          </reporter-output>
        </test-method> <!-- launch -->
        <test-method status="PASS" signature="launchBrowser()[pri:0, instance:flipkarttests.FlipkartTest@55f3ddb1]" name="launchBrowser" duration-ms="2524" started-at="2021-12-07T18:52:57Z" finished-at="2021-12-07T18:53:00Z">
          <reporter-output>
          </reporter-output>
        </test-method> <!-- launchBrowser -->
        <test-method status="PASS" signature="close()[pri:0, instance:flipkarttests.FlipkartTest@55f3ddb1]" name="close" is-config="true" duration-ms="348" started-at="2021-12-07T18:53:00Z" finished-at="2021-12-07T18:53:00Z">
          <reporter-output>
          </reporter-output>
        </test-method> <!-- close -->
      </class> <!-- flipkarttests.FlipkartTest -->
    </test> <!-- Test -->
  </suite> <!-- Suite -->
</testng-results>
